<?xml version="1.0" encoding="UTF-8"?>
<!-- Generated by org.testng.reporters.JUnitXMLReporter -->
<testsuite ignored="0" hostname="uno-30-pc" failures="0" tests="4" name="Test" time="14.238" errors="0" timestamp="2025-04-29T14:26:05 IST">
  <testcase classname="trail.trail" name="testDemo" time="0.003"/>
  <testcase classname="trail.trail" name="testDemo2" time="0.001"/>
  <testcase classname="trail.trail2" name="testDemo" time="0.002"/>
  <testcase classname="trail.trail2" name="testDemo2" time="0.001"/>
</testsuite> <!-- Test -->
