<?xml version="1.0" encoding="UTF-8"?>
<testng-results ignored="0" total="2" passed="2" failed="0" skipped="0">
  <reporter-output>
  </reporter-output>
  <suite started-at="2025-04-30T17:22:15 IST" name="Default suite" finished-at="2025-04-30T17:22:35 IST" duration-ms="19999">
    <groups>
    </groups>
    <test started-at="2025-04-30T17:22:15 IST" name="Default test" finished-at="2025-04-30T17:22:35 IST" duration-ms="19999">
      <class name="TestScripts.Holidays">
        <test-method is-config="true" signature="browserSettings()[pri:0, instance:TestScripts.Holidays@233795b6]" started-at="2025-04-30T17:22:15 IST" name="browserSettings" finished-at="2025-04-30T17:22:21 IST" duration-ms="6118" status="PASS">
          <reporter-output>
          </reporter-output>
        </test-method> <!-- browserSettings -->
        <test-method signature="Addholiday()[pri:0, instance:TestScripts.Holidays@233795b6]" started-at="2025-04-30T17:22:21 IST" name="Addholiday" finished-at="2025-04-30T17:22:28 IST" duration-ms="7608" status="PASS">
          <reporter-output>
          </reporter-output>
        </test-method> <!-- Addholiday -->
        <test-method signature="DeleteHoliday()[pri:1, instance:TestScripts.Holidays@233795b6]" started-at="2025-04-30T17:22:28 IST" name="DeleteHoliday" finished-at="2025-04-30T17:22:32 IST" depends-on-methods="TestScripts.Holidays.Addholiday" duration-ms="4165" status="PASS">
          <reporter-output>
          </reporter-output>
        </test-method> <!-- DeleteHoliday -->
        <test-method is-config="true" signature="logout()[pri:0, instance:TestScripts.Holidays@233795b6]" started-at="2025-04-30T17:22:32 IST" name="logout" finished-at="2025-04-30T17:22:35 IST" duration-ms="2082" status="PASS">
          <reporter-output>
          </reporter-output>
        </test-method> <!-- logout -->
      </class> <!-- TestScripts.Holidays -->
    </test> <!-- Default test -->
  </suite> <!-- Default suite -->
</testng-results>
